<?xml version="1.0" encoding="UTF-8"?>
<!-- Generated by org.testng.reporters.JUnitReportReporter -->
<testsuite hostname="DESKTOP-NT3AJV9" failures="0" tests="1" name="sm_testcases.TC_02_BuyProduct_Test" time="15.525" errors="0" timestamp="2024-04-04T16:16:37 IST" skipped="0">
  <testcase classname="sm_testcases.TC_02_BuyProduct_Test" name="buyproduct" time="15.525"/>
  <system-out/>
</testsuite> <!-- sm_testcases.TC_02_BuyProduct_Test -->
