<?xml version="1.0" encoding="UTF-8"?>
<!-- Generated by org.testng.reporters.JUnitReportReporter -->
<testsuite hostname="DESKTOP-7I80P5L" failures="0" tests="1" name="tanuja.TC02_BuyFromCartCOD" time="78.328" errors="0" timestamp="2024-04-04T15:34:43 IST" skipped="0">
  <testcase classname="tanuja.TC02_BuyFromCartCOD" name="buyProduct" time="78.328"/>
  <system-out/>
</testsuite> <!-- tanuja.TC02_BuyFromCartCOD -->
