<?xml version="1.0" encoding="UTF-8"?>
<!-- Generated by org.testng.reporters.JUnitReportReporter -->
<testsuite hostname="Kirthiga" failures="0" tests="1" name="Kirthiga.SearchAndAddToCart" time="15.806" errors="0" timestamp="2024-04-04T13:22:41 IST" skipped="0">
  <testcase classname="Kirthiga.SearchAndAddToCart" name="shoppingCart" time="15.806"/>
  <system-out/>
</testsuite> <!-- Kirthiga.SearchAndAddToCart -->
