<?xml version="1.0" encoding="UTF-8"?>
<!-- Generated by org.testng.reporters.JUnitReportReporter -->
<<<<<<< HEAD
<testsuite hostname="LAPTOP-SKMVTQNR" failures="0" tests="1" name="Shushmitha.TC_01_AddToCart_Test" time="51.719" errors="0" timestamp="2024-04-04T16:24:44 IST" skipped="0">
  <testcase classname="Shushmitha.TC_01_AddToCart_Test" name="TC01Test" time="51.719"/>
=======
<testsuite hostname="DESKTOP-7I80P5L" failures="0" tests="1" name="Shushmitha.TC_01_AddToCart_Test" time="63.041" errors="0" timestamp="2024-04-04T15:45:34 IST" skipped="0">
  <testcase classname="Shushmitha.TC_01_AddToCart_Test" name="TC01Test" time="63.041"/>
>>>>>>> branch 'master' of https://github.com/Nammu2620/FrameWorkFLN.git
  <system-out/>
</testsuite> <!-- Shushmitha.TC_01_AddToCart_Test -->
