<?xml version="1.0" encoding="UTF-8"?>
<!-- Generated by org.testng.reporters.JUnitReportReporter -->
<testsuite skipped="0" hostname="LAPTOP-T7V8GM1E" name="scripts_of_praneetha.AddToWishlist" tests="1" failures="0" timestamp="2024-04-04T14:33:41 IST" time="37.225" errors="0">
  <testcase name="addToWishlist" time="37.225" classname="scripts_of_praneetha.AddToWishlist"/>
  <system-out/>
</testsuite> <!-- scripts_of_praneetha.AddToWishlist -->
