<?xml version="1.0" encoding="UTF-8"?>
<!-- Generated by org.testng.reporters.JUnitReportReporter -->
<testsuite skipped="0" hostname="LAPTOP-T7V8GM1E" name="scripts_of_praneetha.AddToComparelist" tests="1" failures="0" timestamp="2024-04-04T14:30:44 IST" time="19.170" errors="0">
  <testcase name="addToComparelist" time="19.170" classname="scripts_of_praneetha.AddToComparelist"/>
  <system-out/>
</testsuite> <!-- scripts_of_praneetha.AddToComparelist -->
