<?xml version="1.0" encoding="UTF-8"?>
<!-- Generated by org.testng.reporters.JUnitReportReporter -->
<testsuite hostname="LAPTOP-SKMVTQNR" failures="0" tests="1" name="Shushmitha.TC_01_AddToCart_Test" time="51.719" errors="0" timestamp="2024-04-04T16:24:44 IST" skipped="0">
  <testcase classname="Shushmitha.TC_01_AddToCart_Test" name="TC01Test" time="51.719"/>
  <system-out/>
</testsuite> <!-- Shushmitha.TC_01_AddToCart_Test -->
