<?xml version="1.0" encoding="UTF-8"?>
<!-- Generated by org.testng.reporters.JUnitReportReporter -->
<testsuite hostname="Kirthiga" failures="0" tests="1" name="Kirthiga.SearchAndAddToCart" time="20.008" errors="0" timestamp="2024-04-04T15:35:01 IST" skipped="0">
  <testcase classname="Kirthiga.SearchAndAddToCart" name="shoppingCart" time="20.008"/>
  <system-out/>
</testsuite> <!-- Kirthiga.SearchAndAddToCart -->
