<?xml version="1.0" encoding="UTF-8"?>
<!-- Generated by org.testng.reporters.JUnitReportReporter -->
<testsuite hostname="DESKTOP-GLLLVCE" failures="0" tests="1" name="VarshiniJM.RegisterToApplication_Test" time="12.285" errors="0" timestamp="2024-04-04T14:42:44 IST" skipped="0">
  <testcase classname="VarshiniJM.RegisterToApplication_Test" name="Register" time="12.285"/>
  <system-out>
    <![CDATA[Your registration completed]]>
  </system-out>
</testsuite> <!-- VarshiniJM.RegisterToApplication_Test -->
