<?xml version="1.0" encoding="UTF-8"?>
<!-- Generated by org.testng.reporters.JUnitReportReporter -->
<testsuite hostname="Kirthiga" failures="0" tests="1" name="Kirthiga.SendEmailToFriend" time="24.270" errors="0" timestamp="2024-04-04T13:22:10 IST" skipped="0">
  <testcase classname="Kirthiga.SendEmailToFriend" name="emailAFriend" time="24.270"/>
  <system-out/>
</testsuite> <!-- Kirthiga.SendEmailToFriend -->
