<?xml version="1.0" encoding="UTF-8"?>
<!-- Generated by org.testng.reporters.JUnitReportReporter -->
<testsuite hostname="DESKTOP-NT3AJV9" failures="0" tests="1" name="sm_testcases.TC_02_BuyProduct" time="13.014" errors="0" timestamp="2024-04-04T15:41:12 IST" skipped="0">
  <testcase classname="sm_testcases.TC_02_BuyProduct" name="buyproduct" time="13.014"/>
  <system-out/>
</testsuite> <!-- sm_testcases.TC_02_BuyProduct -->
