<?xml version="1.0" encoding="UTF-8"?>
<!-- Generated by org.testng.reporters.JUnitReportReporter -->
<testsuite hostname="Kirthiga" failures="0" tests="1" name="ShoppingCart.SearchAndAddToCart" time="18.911" errors="0" timestamp="2024-04-04T13:05:47 IST" skipped="0">
  <testcase classname="ShoppingCart.SearchAndAddToCart" name="shoppingCart" time="18.911"/>
  <system-out/>
</testsuite> <!-- ShoppingCart.SearchAndAddToCart -->
