<?xml version="1.0" encoding="UTF-8"?>
<!-- Generated by org.testng.reporters.JUnitReportReporter -->
<testsuite hostname="DESKTOP-NT3AJV9" failures="0" tests="1" name="sm_testcases.TC_01_Login_Test" time="16.190" errors="0" timestamp="2024-04-04T12:55:34 IST" skipped="0">
  <testcase classname="sm_testcases.TC_01_Login_Test" name="ligin" time="16.190"/>
  <system-out/>
</testsuite> <!-- sm_testcases.TC_01_Login_Test -->
