<?xml version="1.0" encoding="UTF-8"?>
<!-- Generated by org.testng.reporters.JUnitReportReporter -->
<testsuite hostname="DESKTOP-GU16FJG" failures="0" tests="1" name="Renuka.TC_RmvFromCart_001_Test" time="13.625" errors="0" timestamp="2024-04-04T14:49:59 IST" skipped="0">
  <testcase classname="Renuka.TC_RmvFromCart_001_Test" name="rmvProdCart" time="13.625"/>
  <system-out>
Logged in successfully Clicked on books Category Clicked on product link Clicked on Add to Cart button Clicked on Shopping Cart button Clicked on Remove check box Clicked on Update Shopping Cart  </system-out>
</testsuite> <!-- Renuka.TC_RmvFromCart_001_Test -->
