<?xml version="1.0" encoding="UTF-8"?>
<!-- Generated by org.testng.reporters.JUnitReportReporter -->
<testsuite hostname="DESKTOP-NT3AJV9" failures="0" tests="1" name="sm_testcases.TC_01_Login_Addticart_Test" time="14.209" errors="0" timestamp="2024-04-04T15:16:10 IST" skipped="0">
  <testcase classname="sm_testcases.TC_01_Login_Addticart_Test" name="ligin" time="14.209"/>
  <system-out/>
</testsuite> <!-- sm_testcases.TC_01_Login_Addticart_Test -->
