<?xml version="1.0" encoding="UTF-8"?>
<!-- Generated by org.testng.reporters.JUnitReportReporter -->
<testsuite hostname="DESKTOP-7I80P5L" failures="0" tests="1" name="tanuja.TC01_AddToCart" time="50.788" errors="0" timestamp="2024-04-04T15:35:52 IST" skipped="0">
  <testcase classname="tanuja.TC01_AddToCart" name="addToCart" time="50.788"/>
  <system-out/>
</testsuite> <!-- tanuja.TC01_AddToCart -->
