<?xml version="1.0" encoding="UTF-8"?>
<!-- Generated by org.testng.reporters.JUnitReportReporter -->
<testsuite hostname="DESKTOP-GLLLVCE" failures="0" tests="1" name="VarshiniJM.SearchForProduct" time="14.709" errors="0" timestamp="2024-04-04T15:03:23 IST" skipped="0">
  <testcase classname="VarshiniJM.SearchForProduct" name="SearchProduct" time="14.709"/>
  <system-out>
    <![CDATA[50's Rockabilly Polka Dot Top JR Plus Size
Blue and green Sneaker
Blue Jeans
Casual Golf Belt
Custom T-Shirt
Denim Short with Rhinestones
Genuine Leather Handbag with Cell Phone Holder & Many Pockets
Green and blue Sneaker]]>
  </system-out>
</testsuite> <!-- VarshiniJM.SearchForProduct -->
